[0.00000] [Warning] Currently the GD graphics library is used for resizing images on this server. When large product images are uploaded, this could lead to crashes due to the lack of memory. We recommend installing ImageMagick instead for better performance and better product thumbnails.
[0.00000] [Warning] Currently the GD graphics library is used for resizing images on this server. When large product images are uploaded, this could lead to crashes due to the lack of memory. We recommend installing ImageMagick instead for better performance and better product thumbnails.
[0.81871] [Notice] Creating database scheme
[12.13469] [Notice] Redirecting. Do not refresh the page!
[0.00000] [Warning] Currently the GD graphics library is used for resizing images on this server. When large product images are uploaded, this could lead to crashes due to the lack of memory. We recommend installing ImageMagick instead for better performance and better product thumbnails.
[0.17875] [Notice] Importing data
[1.20684] [Notice] Redirecting. Do not refresh the page!
[0.00000] [Warning] Currently the GD graphics library is used for resizing images on this server. When large product images are uploaded, this could lead to crashes due to the lack of memory. We recommend installing ImageMagick instead for better performance and better product thumbnails.
[0.10155] [Notice] Creating demo
[16.02934] [Notice] Redirecting. Do not refresh the page!
[0.00000] [Warning] Currently the GD graphics library is used for resizing images on this server. When large product images are uploaded, this could lead to crashes due to the lack of memory. We recommend installing ImageMagick instead for better performance and better product thumbnails.
[0.13271] [Notice] Creating demo
[15.07816] [Notice] Redirecting. Do not refresh the page!
[0.00000] [Warning] Currently the GD graphics library is used for resizing images on this server. When large product images are uploaded, this could lead to crashes due to the lack of memory. We recommend installing ImageMagick instead for better performance and better product thumbnails.
[0.02189] [Notice] Creating demo
[2.83565] [Notice] Redirecting. Do not refresh the page!
[0.00000] [Warning] Currently the GD graphics library is used for resizing images on this server. When large product images are uploaded, this could lead to crashes due to the lack of memory. We recommend installing ImageMagick instead for better performance and better product thumbnails.
[9.67277] [Notice] Redirecting. Do not refresh the page!
[0.00000] [Warning] Currently the GD graphics library is used for resizing images on this server. When large product images are uploaded, this could lead to crashes due to the lack of memory. We recommend installing ImageMagick instead for better performance and better product thumbnails.
[7.46657] [Notice] Redirecting. Do not refresh the page!
[0.00000] [Warning] Currently the GD graphics library is used for resizing images on this server. When large product images are uploaded, this could lead to crashes due to the lack of memory. We recommend installing ImageMagick instead for better performance and better product thumbnails.
[10.98613] [Notice] Redirecting. Do not refresh the page!
[0.00000] [Warning] Currently the GD graphics library is used for resizing images on this server. When large product images are uploaded, this could lead to crashes due to the lack of memory. We recommend installing ImageMagick instead for better performance and better product thumbnails.
[10.75810] [Notice] Redirecting. Do not refresh the page!
[0.00000] [Warning] Currently the GD graphics library is used for resizing images on this server. When large product images are uploaded, this could lead to crashes due to the lack of memory. We recommend installing ImageMagick instead for better performance and better product thumbnails.
[8.80187] [Notice] Redirecting. Do not refresh the page!
[0.00000] [Warning] Currently the GD graphics library is used for resizing images on this server. When large product images are uploaded, this could lead to crashes due to the lack of memory. We recommend installing ImageMagick instead for better performance and better product thumbnails.
[8.21824] [Notice] Redirecting. Do not refresh the page!
[0.00000] [Warning] Currently the GD graphics library is used for resizing images on this server. When large product images are uploaded, this could lead to crashes due to the lack of memory. We recommend installing ImageMagick instead for better performance and better product thumbnails.
[6.89235] [Notice] Redirecting. Do not refresh the page!
[0.00000] [Warning] Currently the GD graphics library is used for resizing images on this server. When large product images are uploaded, this could lead to crashes due to the lack of memory. We recommend installing ImageMagick instead for better performance and better product thumbnails.
[8.72400] [Notice] Redirecting. Do not refresh the page!
[0.00000] [Warning] Currently the GD graphics library is used for resizing images on this server. When large product images are uploaded, this could lead to crashes due to the lack of memory. We recommend installing ImageMagick instead for better performance and better product thumbnails.
[3.04365] [Notice] Redirecting. Do not refresh the page!
[0.00000] [Warning] Currently the GD graphics library is used for resizing images on this server. When large product images are uploaded, this could lead to crashes due to the lack of memory. We recommend installing ImageMagick instead for better performance and better product thumbnails.
[5.17456] [Notice] Installing additional language vi
[5.91668] [Notice] Installing additional language vi
[7.41664] [Notice] Redirecting. Do not refresh the page!
[0.00000] [Warning] Currently the GD graphics library is used for resizing images on this server. When large product images are uploaded, this could lead to crashes due to the lack of memory. We recommend installing ImageMagick instead for better performance and better product thumbnails.
[0.04448] [Notice] Installing additional language vi
[7.14970] [Notice] Redirecting. Do not refresh the page!
[0.00000] [Warning] Currently the GD graphics library is used for resizing images on this server. When large product images are uploaded, this could lead to crashes due to the lack of memory. We recommend installing ImageMagick instead for better performance and better product thumbnails.
[0.02974] [Notice] Installing additional language vi
[13.98557] [Notice] Redirecting. Do not refresh the page!
[0.00000] [Warning] Currently the GD graphics library is used for resizing images on this server. When large product images are uploaded, this could lead to crashes due to the lack of memory. We recommend installing ImageMagick instead for better performance and better product thumbnails.
[0.02993] [Notice] Installing additional language vi
[12.74480] [Notice] Redirecting. Do not refresh the page!
[0.00000] [Warning] Currently the GD graphics library is used for resizing images on this server. When large product images are uploaded, this could lead to crashes due to the lack of memory. We recommend installing ImageMagick instead for better performance and better product thumbnails.
[3.46336] [Notice] Installing additional language en
[4.27859] [Notice] Installing additional language en
[13.85940] [Notice] Redirecting. Do not refresh the page!
[0.00000] [Warning] Currently the GD graphics library is used for resizing images on this server. When large product images are uploaded, this could lead to crashes due to the lack of memory. We recommend installing ImageMagick instead for better performance and better product thumbnails.
[1.48891] [Notice] Installing additional language en
[13.96571] [Notice] Redirecting. Do not refresh the page!
[0.00000] [Warning] Currently the GD graphics library is used for resizing images on this server. When large product images are uploaded, this could lead to crashes due to the lack of memory. We recommend installing ImageMagick instead for better performance and better product thumbnails.
[1.32410] [Notice] Installing additional language en
[13.91330] [Notice] Redirecting. Do not refresh the page!
[0.00000] [Warning] Currently the GD graphics library is used for resizing images on this server. When large product images are uploaded, this could lead to crashes due to the lack of memory. We recommend installing ImageMagick instead for better performance and better product thumbnails.
[1.35207] [Notice] Installing additional language en
[4.07422] [Notice] Redirecting. Do not refresh the page!
[0.00000] [Warning] Currently the GD graphics library is used for resizing images on this server. When large product images are uploaded, this could lead to crashes due to the lack of memory. We recommend installing ImageMagick instead for better performance and better product thumbnails.
[73.08042] [Notice] Creating demo
